<?xml version="1.0" encoding="UTF-8"?>
<coverage generated="1619637720">
  <project timestamp="1619637720">
    <file name="/home/sohnmeiss/projects/introduction-phpunit/part3/src/Boolean.php">
      <class name="Demo\Boolean" namespace="global">
        <metrics complexity="3" methods="3" coveredmethods="2" conditionals="0" coveredconditionals="0" statements="4" coveredstatements="3" elements="7" coveredelements="5"/>
      </class>
      <line num="8" type="method" name="__construct" visibility="public" complexity="1" crap="1" count="2"/>
      <line num="10" type="stmt" count="2"/>
      <line num="11" type="stmt" count="2"/>
      <line num="13" type="method" name="isTrue" visibility="public" complexity="1" crap="1" count="2"/>
      <line num="15" type="stmt" count="2"/>
      <line num="18" type="method" name="isFalse" visibility="public" complexity="1" crap="2" count="0"/>
      <line num="20" type="stmt" count="0"/>
      <line num="22" type="stmt" count="1"/>
      <metrics loc="21" ncloc="21" classes="1" methods="3" coveredmethods="2" conditionals="0" coveredconditionals="0" statements="4" coveredstatements="3" elements="7" coveredelements="5"/>
    </file>
    <metrics files="1" loc="21" ncloc="21" classes="1" methods="3" coveredmethods="2" conditionals="0" coveredconditionals="0" statements="4" coveredstatements="3" elements="7" coveredelements="5"/>
  </project>
</coverage>
