<?xml version="1.0" encoding="UTF-8"?>
<coverage generated="1463396057">
  <project timestamp="1463396057">
    <package name="Demo">
      <file name="/home/so/Documents/projects/phpunit-examples/part3/src/Boolean.php">
        <class name="Boolean" namespace="Demo">
          <metrics methods="3" coveredmethods="2" conditionals="0" coveredconditionals="0" statements="4" coveredstatements="3" elements="7" coveredelements="5"/>
        </class>
        <line num="8" type="method" name="__construct" crap="1" count="2"/>
        <line num="10" type="stmt" count="2"/>
        <line num="11" type="stmt" count="2"/>
        <line num="13" type="method" name="isTrue" crap="1" count="2"/>
        <line num="15" type="stmt" count="2"/>
        <line num="18" type="method" name="isFalse" crap="2" count="0"/>
        <line num="20" type="stmt" count="0"/>
        <metrics loc="21" ncloc="21" classes="1" methods="3" coveredmethods="2" conditionals="0" coveredconditionals="0" statements="4" coveredstatements="3" elements="7" coveredelements="5"/>
      </file>
    </package>
    <metrics files="1" loc="21" ncloc="21" classes="1" methods="3" coveredmethods="2" conditionals="0" coveredconditionals="0" statements="4" coveredstatements="3" elements="7" coveredelements="5"/>
  </project>
</coverage>
